app/build/outputs/logs/manifest-merger-debug-report.txt
-- Merging decision tree log ---
manifest
ADDED from src/main/AndroidManifest.xml:2:1-85:12
	package
		ADDED from src/main/AndroidManifest.xml:4:5-47
		INJECTED from src/main/AndroidManifest.xml
		INJECTED from src/main/AndroidManifest.xml
	android:versionName
		ADDED from src/main/AndroidManifest.xml:6:5-44
		INJECTED from src/main/AndroidManifest.xml
		INJECTED from src/main/AndroidManifest.xml
	xmlns:tools
		ADDED from src/main/AndroidManifest.xml:3:5-51
	android:versionCode
		ADDED from src/main/AndroidManifest.xml:5:5-29
		INJECTED from src/main/AndroidManifest.xml
		INJECTED from src/main/AndroidManifest.xml
	xmlns:android
		ADDED from src/main/AndroidManifest.xml:2:11-69
uses-sdk
ADDED from src/main/AndroidManifest.xml:8:5-11:39
	android:targetSdkVersion
		ADDED from src/main/AndroidManifest.xml:10:9-38
		INJECTED from src/main/AndroidManifest.xml
		INJECTED from src/main/AndroidManifest.xml
	tools:ignore
		ADDED from src/main/AndroidManifest.xml:11:9-36
	android:minSdkVersion
		ADDED from src/main/AndroidManifest.xml:9:9-35
		INJECTED from src/main/AndroidManifest.xml
		INJECTED from src/main/AndroidManifest.xml
uses-permission#android.permission.ACCESS_SUPERUSER
ADDED from src/main/AndroidManifest.xml:13:5-74
	android:name
		ADDED from src/main/AndroidManifest.xml:13:22-72
uses-permission#android.permission.WRITE_EXTERNAL_STORAGE
ADDED from src/main/AndroidManifest.xml:14:5-81
	android:name
		ADDED from src/main/AndroidManifest.xml:14:22-78
uses-permission#android.permission.INTERNET
ADDED from src/main/AndroidManifest.xml:15:5-67
	android:name
		ADDED from src/main/AndroidManifest.xml:15:22-64
uses-permission#android.permission.ACCESS_NETWORK_STATE
ADDED from src/main/AndroidManifest.xml:16:5-79
	android:name
		ADDED from src/main/AndroidManifest.xml:16:22-76
application
ADDED from src/main/AndroidManifest.xml:18:5-83:19
	android:label
		ADDED from src/main/AndroidManifest.xml:21:9-41
	android:allowBackup
		ADDED from src/main/AndroidManifest.xml:19:9-36
	android:icon
		ADDED from src/main/AndroidManifest.xml:20:9-45
	android:theme
		ADDED from src/main/AndroidManifest.xml:22:9-42
	android:name
		ADDED from src/main/AndroidManifest.xml:23:9-34
activity#de.robv.android.xposed.installer.WelcomeActivity
ADDED from src/main/AndroidManifest.xml:25:9-34:20
	android:label
		ADDED from src/main/AndroidManifest.xml:27:13-45
	android:exported
		ADDED from src/main/AndroidManifest.xml:29:13-36
	android:configChanges
		ADDED from src/main/AndroidManifest.xml:28:13-59
	android:name
		ADDED from src/main/AndroidManifest.xml:26:13-44
intent-filter#android.intent.action.MAIN+android.intent.category.LAUNCHER
ADDED from src/main/AndroidManifest.xml:30:13-33:29
action#android.intent.action.MAIN
ADDED from src/main/AndroidManifest.xml:31:17-69
	android:name
		ADDED from src/main/AndroidManifest.xml:31:25-66
category#android.intent.category.LAUNCHER
ADDED from src/main/AndroidManifest.xml:32:17-77
	android:name
		ADDED from src/main/AndroidManifest.xml:32:27-74
activity#de.robv.android.xposed.installer.XposedInstallerActivity
ADDED from src/main/AndroidManifest.xml:36:9-44:20
	android:exported
		ADDED from src/main/AndroidManifest.xml:39:13-36
	android:configChanges
		ADDED from src/main/AndroidManifest.xml:38:13-59
	android:name
		ADDED from src/main/AndroidManifest.xml:37:13-52
intent-filter#android.intent.category.DEFAULT+de.robv.android.xposed.installer.OPEN_SECTION
ADDED from src/main/AndroidManifest.xml:40:13-43:29
action#de.robv.android.xposed.installer.OPEN_SECTION
ADDED from src/main/AndroidManifest.xml:41:17-88
	android:name
		ADDED from src/main/AndroidManifest.xml:41:25-85
category#android.intent.category.DEFAULT
ADDED from src/main/AndroidManifest.xml:42:17-75
	android:name
		ADDED from src/main/AndroidManifest.xml:42:27-73
activity#de.robv.android.xposed.installer.DownloadDetailsActivity
ADDED from src/main/AndroidManifest.xml:46:9-61:20
	android:exported
		ADDED from src/main/AndroidManifest.xml:49:13-36
	android:configChanges
		ADDED from src/main/AndroidManifest.xml:48:13-59
	android:name
		ADDED from src/main/AndroidManifest.xml:47:13-52
intent-filter#android.intent.category.DEFAULT+de.robv.android.xposed.installer.DOWNLOAD_DETAILS
ADDED from src/main/AndroidManifest.xml:50:13-54:29
action#de.robv.android.xposed.installer.DOWNLOAD_DETAILS
ADDED from src/main/AndroidManifest.xml:51:17-92
	android:name
		ADDED from src/main/AndroidManifest.xml:51:25-89
data
ADDED from src/main/AndroidManifest.xml:52:17-50
	android:scheme
		ADDED from src/main/AndroidManifest.xml:52:23-47
intent-filter#android.intent.action.VIEW+android.intent.category.BROWSABLE+android.intent.category.DEFAULT
ADDED from src/main/AndroidManifest.xml:55:13-60:29
action#android.intent.action.VIEW
ADDED from src/main/AndroidManifest.xml:56:17-69
	android:name
		ADDED from src/main/AndroidManifest.xml:56:25-66
category#android.intent.category.BROWSABLE
ADDED from src/main/AndroidManifest.xml:59:17-78
	android:name
		ADDED from src/main/AndroidManifest.xml:59:27-75
receiver#de.robv.android.xposed.installer.PackageChangeReceiver
ADDED from src/main/AndroidManifest.xml:63:9-71:20
	android:exported
		ADDED from src/main/AndroidManifest.xml:64:13-37
	android:name
		ADDED from src/main/AndroidManifest.xml:63:19-56
intent-filter#android.intent.action.PACKAGE_ADDED+android.intent.action.PACKAGE_CHANGED+android.intent.action.PACKAGE_REMOVED
ADDED from src/main/AndroidManifest.xml:65:13-70:29
action#android.intent.action.PACKAGE_ADDED
ADDED from src/main/AndroidManifest.xml:66:17-78
	android:name
		ADDED from src/main/AndroidManifest.xml:66:25-75
action#android.intent.action.PACKAGE_CHANGED
ADDED from src/main/AndroidManifest.xml:67:17-80
	android:name
		ADDED from src/main/AndroidManifest.xml:67:25-77
action#android.intent.action.PACKAGE_REMOVED
ADDED from src/main/AndroidManifest.xml:68:17-80
	android:name
		ADDED from src/main/AndroidManifest.xml:68:25-77
receiver#de.robv.android.xposed.installer.DownloadReceiver
ADDED from src/main/AndroidManifest.xml:73:9-79:20
	android:exported
		ADDED from src/main/AndroidManifest.xml:74:13-36
	android:permission
		ADDED from src/main/AndroidManifest.xml:75:13-84
	android:name
		ADDED from src/main/AndroidManifest.xml:73:19-51
intent-filter#android.intent.action.DOWNLOAD_COMPLETE
ADDED from src/main/AndroidManifest.xml:76:13-78:29
action#android.intent.action.DOWNLOAD_COMPLETE
ADDED from src/main/AndroidManifest.xml:77:17-82
	android:name
		ADDED from src/main/AndroidManifest.xml:77:25-79
receiver#de.robv.android.xposed.installer.util.NotificationUtil$RebootReceiver
ADDED from src/main/AndroidManifest.xml:81:9-82:40
	android:exported
		ADDED from src/main/AndroidManifest.xml:82:13-37
	android:name
		ADDED from src/main/AndroidManifest.xml:81:19-71